c:\users\sun\documents\visual studio 2013\projects\npda\debug\vc120.pdb
c:\users\sun\documents\visual studio 2013\projects\npda\debug\vc120.idb
c:\users\sun\documents\visual studio 2013\projects\npda\debug\markup.obj
c:\users\sun\documents\visual studio 2013\projects\npda\debug\myform.obj
c:\users\sun\documents\visual studio 2013\projects\banglaparser\debug\vc120.pdb
c:\users\sun\documents\visual studio 2013\projects\banglaparser\debug\vc120.idb
c:\users\sun\documents\visual studio 2013\projects\banglaparser\debug\markup.obj
c:\users\sun\documents\visual studio 2013\projects\banglaparser\debug\addingposform.obj
c:\users\sun\documents\visual studio 2013\projects\banglaparser\debug\myform.obj
c:\users\sun\documents\visual studio 2013\projects\npda\debug\textbox.exe
c:\users\sun\documents\visual studio 2013\projects\npda\debug\textbox.pdb
c:\users\sun\documents\visual studio 2013\projects\banglaparser\debug\textbox.exe
c:\users\sun\documents\visual studio 2013\projects\banglaparser\debug\textbox.pdb
c:\users\sun\documents\visual studio 2013\projects\npda\debug\textbox.myform.resources
c:\users\sun\documents\visual studio 2013\projects\banglaparser\debug\textbox.myform.resources
c:\users\sun\documents\visual studio 2013\projects\banglaparser\debug\textbox.addingposform.resources
c:\users\sun\documents\visual studio 2013\projects\banglaparser\debug\textbox.vcxproj.generateresource.cache
c:\users\sun\documents\visual studio 2013\projects\banglaparser\debug\textbox.vcxprojresolveassemblyreference.cache
c:\users\sun\documents\visual studio 2013\projects\banglaparser\debug\textbox.tlog\cl.command.1.tlog
c:\users\sun\documents\visual studio 2013\projects\banglaparser\debug\textbox.tlog\cl.read.1.tlog
c:\users\sun\documents\visual studio 2013\projects\banglaparser\debug\textbox.tlog\cl.write.1.tlog
c:\users\sun\documents\visual studio 2013\projects\banglaparser\debug\textbox.tlog\link.command.1.tlog
c:\users\sun\documents\visual studio 2013\projects\banglaparser\debug\textbox.tlog\link.read.1.tlog
c:\users\sun\documents\visual studio 2013\projects\banglaparser\debug\textbox.tlog\link.write.1.tlog
c:\users\sun\documents\visual studio 2013\projects\banglaparser\debug\textbox.tlog\textbox.write.1u.tlog
